[25-Jun-2018 19:05:28 UTC] PHP Parse error:  syntax error, unexpected '<' in /Applications/MAMP/htdocs/soft-dev/index.php on line 3
[25-Jun-2018 19:05:36 UTC] PHP Parse error:  syntax error, unexpected '<' in /Applications/MAMP/htdocs/soft-dev/index.php on line 3
[25-Jun-2018 19:05:38 UTC] PHP Parse error:  syntax error, unexpected '<' in /Applications/MAMP/htdocs/soft-dev/index.php on line 3
[25-Jun-2018 19:07:12 UTC] PHP Notice:  Undefined variable: first_name in /Applications/MAMP/htdocs/soft-dev/index.php on line 2
[25-Jun-2018 19:07:12 UTC] PHP Warning:  A non-numeric value encountered in /Applications/MAMP/htdocs/soft-dev/index.php on line 2
[25-Jun-2018 19:07:38 UTC] PHP Notice:  Undefined variable: first_name in /Applications/MAMP/htdocs/soft-dev/index.php on line 2
[25-Jun-2018 19:07:38 UTC] PHP Warning:  A non-numeric value encountered in /Applications/MAMP/htdocs/soft-dev/index.php on line 2
[25-Jun-2018 19:07:38 UTC] PHP Notice:  Undefined variable: first_name in /Applications/MAMP/htdocs/soft-dev/index.php on line 3
[25-Jun-2018 19:10:26 UTC] PHP Parse error:  syntax error, unexpected 'echo' (T_ECHO) in /Applications/MAMP/htdocs/soft-dev/index.php on line 4
[25-Jun-2018 19:10:31 UTC] PHP Parse error:  syntax error, unexpected 'echo' (T_ECHO) in /Applications/MAMP/htdocs/soft-dev/index.php on line 4
[25-Jun-2018 19:17:06 UTC] PHP Parse error:  syntax error, unexpected '<' in /Applications/MAMP/htdocs/soft-dev/index.php on line 17
[26-Jun-2018 04:50:20 UTC] PHP Notice:  Undefined variable: title in /Applications/MAMP/htdocs/soft-dev/index.php on line 35
[26-Jun-2018 04:50:36 UTC] PHP Notice:  Undefined variable: title in /Applications/MAMP/htdocs/soft-dev/index.php on line 35
[26-Jun-2018 04:50:38 UTC] PHP Notice:  Undefined variable: title in /Applications/MAMP/htdocs/soft-dev/index.php on line 35
[26-Jun-2018 04:50:48 UTC] PHP Notice:  Undefined variable: title in /Applications/MAMP/htdocs/soft-dev/index.php on line 35
[26-Jun-2018 04:50:50 UTC] PHP Notice:  Undefined variable: title in /Applications/MAMP/htdocs/soft-dev/index.php on line 16
[26-Jun-2018 04:51:07 UTC] PHP Notice:  Undefined variable: title in /Applications/MAMP/htdocs/soft-dev/index.php on line 16
[26-Jun-2018 04:51:36 UTC] PHP Notice:  Undefined variable: title in /Applications/MAMP/htdocs/soft-dev/index.php on line 16
[27-Jun-2018 12:20:13 UTC] PHP Parse error:  syntax error, unexpected 'echo' (T_ECHO) in /Applications/MAMP/htdocs/soft-dev/array.php on line 18
[27-Jun-2018 12:20:15 UTC] PHP Parse error:  syntax error, unexpected 'echo' (T_ECHO) in /Applications/MAMP/htdocs/soft-dev/array.php on line 18
[27-Jun-2018 12:20:38 UTC] PHP Parse error:  syntax error, unexpected 'echo' (T_ECHO) in /Applications/MAMP/htdocs/soft-dev/array.php on line 18
[27-Jun-2018 12:20:40 UTC] PHP Parse error:  syntax error, unexpected 'echo' (T_ECHO) in /Applications/MAMP/htdocs/soft-dev/array.php on line 18
[27-Jun-2018 12:20:41 UTC] PHP Parse error:  syntax error, unexpected 'echo' (T_ECHO) in /Applications/MAMP/htdocs/soft-dev/array.php on line 18
[27-Jun-2018 12:20:55 UTC] PHP Parse error:  syntax error, unexpected 'echo' (T_ECHO) in /Applications/MAMP/htdocs/soft-dev/array.php on line 18
[27-Jun-2018 12:21:13 UTC] PHP Parse error:  syntax error, unexpected 'echo' (T_ECHO) in /Applications/MAMP/htdocs/soft-dev/array.php on line 18
[27-Jun-2018 12:28:30 UTC] PHP Parse error:  syntax error, unexpected 'echo' (T_ECHO), expecting ',' or ';' in /Applications/MAMP/htdocs/soft-dev/array.php on line 17
[27-Jun-2018 12:28:37 UTC] PHP Notice:  Undefined variable: patient_data in /Applications/MAMP/htdocs/soft-dev/array.php on line 17
[27-Jun-2018 12:28:55 UTC] PHP Notice:  Undefined variable: patient_data in /Applications/MAMP/htdocs/soft-dev/array.php on line 17
[27-Jun-2018 12:28:56 UTC] PHP Notice:  Undefined variable: patient_data in /Applications/MAMP/htdocs/soft-dev/array.php on line 17
[27-Jun-2018 12:32:48 UTC] PHP Notice:  Undefined variable: patient_data in /Applications/MAMP/htdocs/soft-dev/array.php on line 17
[27-Jun-2018 12:47:22 UTC] PHP Parse error:  syntax error, unexpected 'print_r' (T_STRING), expecting ',' or ';' in /Applications/MAMP/htdocs/soft-dev/array.php on line 19
[27-Jun-2018 12:47:23 UTC] PHP Parse error:  syntax error, unexpected 'print_r' (T_STRING), expecting ',' or ';' in /Applications/MAMP/htdocs/soft-dev/array.php on line 19
[27-Jun-2018 12:47:47 UTC] PHP Parse error:  syntax error, unexpected 'print_r' (T_STRING), expecting ',' or ';' in /Applications/MAMP/htdocs/soft-dev/array.php on line 19
[27-Jun-2018 12:51:39 UTC] PHP Parse error:  syntax error, unexpected 'print_r' (T_STRING), expecting ',' or ';' in /Applications/MAMP/htdocs/soft-dev/array.php on line 19
[27-Jun-2018 12:51:41 UTC] PHP Parse error:  syntax error, unexpected 'print_r' (T_STRING), expecting ',' or ';' in /Applications/MAMP/htdocs/soft-dev/array.php on line 19
[27-Jun-2018 14:50:37 UTC] PHP Parse error:  syntax error, unexpected '++' (T_INC), expecting ')' in /Applications/MAMP/htdocs/soft-dev/loops.php on line 8
[27-Jun-2018 14:50:38 UTC] PHP Parse error:  syntax error, unexpected '++' (T_INC), expecting ')' in /Applications/MAMP/htdocs/soft-dev/loops.php on line 8
[27-Jun-2018 14:50:43 UTC] PHP Parse error:  syntax error, unexpected '++' (T_INC), expecting ')' in /Applications/MAMP/htdocs/soft-dev/loops.php on line 8
[27-Jun-2018 14:50:44 UTC] PHP Parse error:  syntax error, unexpected '++' (T_INC), expecting ')' in /Applications/MAMP/htdocs/soft-dev/loops.php on line 8
[27-Jun-2018 14:50:56 UTC] PHP Parse error:  syntax error, unexpected '++' (T_INC), expecting ')' in /Applications/MAMP/htdocs/soft-dev/loops.php on line 8
[27-Jun-2018 18:18:21 UTC] PHP Notice:  Array to string conversion in /Applications/MAMP/htdocs/soft-dev/loops.php on line 36
[27-Jun-2018 18:18:21 UTC] PHP Notice:  Array to string conversion in /Applications/MAMP/htdocs/soft-dev/loops.php on line 36
[27-Jun-2018 18:19:25 UTC] PHP Notice:  Array to string conversion in /Applications/MAMP/htdocs/soft-dev/loops.php on line 36
[27-Jun-2018 18:19:25 UTC] PHP Notice:  Array to string conversion in /Applications/MAMP/htdocs/soft-dev/loops.php on line 36
[27-Jun-2018 18:19:27 UTC] PHP Notice:  Array to string conversion in /Applications/MAMP/htdocs/soft-dev/loops.php on line 36
[27-Jun-2018 18:19:27 UTC] PHP Notice:  Array to string conversion in /Applications/MAMP/htdocs/soft-dev/loops.php on line 36
[27-Jun-2018 18:19:38 UTC] PHP Notice:  Array to string conversion in /Applications/MAMP/htdocs/soft-dev/loops.php on line 36
[27-Jun-2018 18:19:38 UTC] PHP Notice:  Array to string conversion in /Applications/MAMP/htdocs/soft-dev/loops.php on line 36
[27-Jun-2018 19:03:30 UTC] PHP Warning:  Invalid argument supplied for foreach() in /Applications/MAMP/htdocs/soft-dev/loopprac.php on line 26
[27-Jun-2018 19:03:30 UTC] PHP Warning:  Invalid argument supplied for foreach() in /Applications/MAMP/htdocs/soft-dev/loopprac.php on line 26
[27-Jun-2018 19:03:30 UTC] PHP Warning:  Invalid argument supplied for foreach() in /Applications/MAMP/htdocs/soft-dev/loopprac.php on line 26
[27-Jun-2018 19:04:02 UTC] PHP Warning:  Invalid argument supplied for foreach() in /Applications/MAMP/htdocs/soft-dev/loopprac.php on line 26
[27-Jun-2018 19:04:02 UTC] PHP Warning:  Invalid argument supplied for foreach() in /Applications/MAMP/htdocs/soft-dev/loopprac.php on line 26
[27-Jun-2018 19:04:02 UTC] PHP Warning:  Invalid argument supplied for foreach() in /Applications/MAMP/htdocs/soft-dev/loopprac.php on line 26
[27-Jun-2018 19:04:05 UTC] PHP Warning:  Invalid argument supplied for foreach() in /Applications/MAMP/htdocs/soft-dev/loopprac.php on line 26
[27-Jun-2018 19:04:05 UTC] PHP Warning:  Invalid argument supplied for foreach() in /Applications/MAMP/htdocs/soft-dev/loopprac.php on line 26
[27-Jun-2018 19:04:05 UTC] PHP Warning:  Invalid argument supplied for foreach() in /Applications/MAMP/htdocs/soft-dev/loopprac.php on line 26
[27-Jun-2018 19:04:36 UTC] PHP Warning:  Invalid argument supplied for foreach() in /Applications/MAMP/htdocs/soft-dev/loopprac.php on line 26
[27-Jun-2018 19:04:36 UTC] PHP Warning:  Invalid argument supplied for foreach() in /Applications/MAMP/htdocs/soft-dev/loopprac.php on line 26
[27-Jun-2018 19:04:36 UTC] PHP Warning:  Invalid argument supplied for foreach() in /Applications/MAMP/htdocs/soft-dev/loopprac.php on line 26
[27-Jun-2018 22:54:07 UTC] PHP Notice:  Array to string conversion in /Applications/MAMP/htdocs/soft-dev/forms-output.php on line 8
[27-Jun-2018 23:48:02 UTC] PHP Notice:  Undefined index: valid in /Applications/MAMP/htdocs/soft-dev/secret.php on line 18
[27-Jun-2018 23:49:34 UTC] PHP Notice:  Undefined index: valid in /Applications/MAMP/htdocs/soft-dev/secret.php on line 18
[28-Jun-2018 00:08:19 UTC] PHP Parse error:  syntax error, unexpected '}' in /Applications/MAMP/htdocs/soft-dev/quiz2.php on line 11
[28-Jun-2018 04:52:30 UTC] PHP Notice:  Undefined index: valid in /Applications/MAMP/htdocs/soft-dev/secret.php on line 18
[29-Jun-2018 01:57:43 UTC] PHP Notice:  Undefined index: valid in /Applications/MAMP/htdocs/soft-dev/secret.php on line 18
[29-Jun-2018 01:57:51 UTC] PHP Notice:  Undefined index: valid in /Applications/MAMP/htdocs/soft-dev/secret.php on line 18
[29-Jun-2018 01:57:59 UTC] PHP Notice:  Undefined index: valid in /Applications/MAMP/htdocs/soft-dev/secret.php on line 18
[29-Jun-2018 02:19:32 UTC] PHP Fatal error:  Uncaught Error: Function name must be a string in /Applications/MAMP/htdocs/soft-dev/quiz-final.php:9
Stack trace:
#0 {main}
  thrown in /Applications/MAMP/htdocs/soft-dev/quiz-final.php on line 9
[29-Jun-2018 03:06:15 UTC] PHP Fatal error:  Uncaught Error: Array callback has to contain indices 0 and 1 in /Applications/MAMP/htdocs/soft-dev/quiz2.php:8
Stack trace:
#0 {main}
  thrown in /Applications/MAMP/htdocs/soft-dev/quiz2.php on line 8
[29-Jun-2018 03:07:18 UTC] PHP Fatal error:  Uncaught Error: Array callback has to contain indices 0 and 1 in /Applications/MAMP/htdocs/soft-dev/quiz2.php:8
Stack trace:
#0 {main}
  thrown in /Applications/MAMP/htdocs/soft-dev/quiz2.php on line 8
[29-Jun-2018 03:08:11 UTC] PHP Fatal error:  Uncaught Error: Array callback has to contain indices 0 and 1 in /Applications/MAMP/htdocs/soft-dev/quiz2.php:8
Stack trace:
#0 {main}
  thrown in /Applications/MAMP/htdocs/soft-dev/quiz2.php on line 8
[29-Jun-2018 03:08:24 UTC] PHP Fatal error:  Uncaught Error: Array callback has to contain indices 0 and 1 in /Applications/MAMP/htdocs/soft-dev/quiz2.php:8
Stack trace:
#0 {main}
  thrown in /Applications/MAMP/htdocs/soft-dev/quiz2.php on line 8
[29-Jun-2018 03:08:31 UTC] PHP Fatal error:  Uncaught Error: Array callback has to contain indices 0 and 1 in /Applications/MAMP/htdocs/soft-dev/quiz2.php:8
Stack trace:
#0 {main}
  thrown in /Applications/MAMP/htdocs/soft-dev/quiz2.php on line 8
[29-Jun-2018 03:13:01 UTC] PHP Fatal error:  Uncaught Error: Array callback has to contain indices 0 and 1 in /Applications/MAMP/htdocs/soft-dev/quiz2.php:8
Stack trace:
#0 {main}
  thrown in /Applications/MAMP/htdocs/soft-dev/quiz2.php on line 8
[29-Jun-2018 03:13:20 UTC] PHP Fatal error:  Uncaught Error: Array callback has to contain indices 0 and 1 in /Applications/MAMP/htdocs/soft-dev/quiz2.php:8
Stack trace:
#0 {main}
  thrown in /Applications/MAMP/htdocs/soft-dev/quiz2.php on line 8
[29-Jun-2018 03:14:48 UTC] PHP Notice:  Undefined variable: _SESSION in /Applications/MAMP/htdocs/soft-dev/quiz1.php on line 8
[29-Jun-2018 03:15:51 UTC] PHP Fatal error:  Uncaught Error: Array callback has to contain indices 0 and 1 in /Applications/MAMP/htdocs/soft-dev/quiz2.php:9
Stack trace:
#0 {main}
  thrown in /Applications/MAMP/htdocs/soft-dev/quiz2.php on line 9
[29-Jun-2018 03:17:42 UTC] PHP Fatal error:  Uncaught Error: Array callback has to contain indices 0 and 1 in /Applications/MAMP/htdocs/soft-dev/quiz2.php:9
Stack trace:
#0 {main}
  thrown in /Applications/MAMP/htdocs/soft-dev/quiz2.php on line 9
[29-Jun-2018 03:20:32 UTC] PHP Fatal error:  Uncaught Error: Array callback has to contain indices 0 and 1 in /Applications/MAMP/htdocs/soft-dev/quiz2.php:9
Stack trace:
#0 {main}
  thrown in /Applications/MAMP/htdocs/soft-dev/quiz2.php on line 9
[29-Jun-2018 03:22:03 UTC] PHP Fatal error:  Uncaught Error: Function name must be a string in /Applications/MAMP/htdocs/soft-dev/quiz-final.php:9
Stack trace:
#0 {main}
  thrown in /Applications/MAMP/htdocs/soft-dev/quiz-final.php on line 9
[29-Jun-2018 03:22:18 UTC] PHP Notice:  Undefined index: ans in /Applications/MAMP/htdocs/soft-dev/quiz2.php on line 9
[29-Jun-2018 03:22:22 UTC] PHP Notice:  Undefined index: ans in /Applications/MAMP/htdocs/soft-dev/quiz2.php on line 9
[29-Jun-2018 03:22:26 UTC] PHP Notice:  Undefined index: ans3 in /Applications/MAMP/htdocs/soft-dev/quiz-final.php on line 9
[29-Jun-2018 03:22:41 UTC] PHP Notice:  Undefined index: ans2 in /Applications/MAMP/htdocs/soft-dev/quiz3.php on line 9
[29-Jun-2018 03:23:55 UTC] PHP Notice:  Undefined index: ans2 in /Applications/MAMP/htdocs/soft-dev/quiz3.php on line 9
[29-Jun-2018 03:23:57 UTC] PHP Notice:  Undefined index: ans3 in /Applications/MAMP/htdocs/soft-dev/quiz-final.php on line 9
[29-Jun-2018 03:24:42 UTC] PHP Notice:  Undefined index: ans3 in /Applications/MAMP/htdocs/soft-dev/quiz-final.php on line 10
[29-Jun-2018 21:24:08 UTC] PHP Warning:  mysqli_connect(): (HY000/1045): Access denied for user 'root'@'localhost' (using password: NO) in /Applications/MAMP/htdocs/soft-dev/tasks/create.php on line 12
[29-Jun-2018 21:24:08 UTC] PHP Notice:  Undefined index: title in /Applications/MAMP/htdocs/soft-dev/tasks/create.php on line 13
[29-Jun-2018 21:24:08 UTC] PHP Notice:  Undefined index: detail in /Applications/MAMP/htdocs/soft-dev/tasks/create.php on line 14
[29-Jun-2018 21:24:08 UTC] PHP Warning:  mysqli_query() expects parameter 1 to be mysqli, boolean given in /Applications/MAMP/htdocs/soft-dev/tasks/create.php on line 18
[29-Jun-2018 21:26:03 UTC] PHP Warning:  mysqli_connect(): (HY000/1045): Access denied for user 'root'@'localhost' (using password: NO) in /Applications/MAMP/htdocs/soft-dev/tasks/create.php on line 12
[29-Jun-2018 21:26:03 UTC] PHP Notice:  Undefined index: detail in /Applications/MAMP/htdocs/soft-dev/tasks/create.php on line 14
[29-Jun-2018 21:26:03 UTC] PHP Warning:  mysqli_query() expects parameter 1 to be mysqli, boolean given in /Applications/MAMP/htdocs/soft-dev/tasks/create.php on line 18
[29-Jun-2018 21:28:44 UTC] PHP Warning:  mysqli_connect(): (HY000/1045): Access denied for user 'root'@'localhost' (using password: NO) in /Applications/MAMP/htdocs/soft-dev/tasks/create.php on line 12
[29-Jun-2018 21:28:44 UTC] PHP Notice:  Undefined index: detail in /Applications/MAMP/htdocs/soft-dev/tasks/create.php on line 14
[29-Jun-2018 21:28:44 UTC] PHP Warning:  mysqli_query() expects parameter 1 to be mysqli, boolean given in /Applications/MAMP/htdocs/soft-dev/tasks/create.php on line 18
[29-Jun-2018 21:28:50 UTC] PHP Warning:  mysqli_connect(): (HY000/1045): Access denied for user 'root'@'localhost' (using password: NO) in /Applications/MAMP/htdocs/soft-dev/tasks/create.php on line 12
[29-Jun-2018 21:28:50 UTC] PHP Notice:  Undefined index: detail in /Applications/MAMP/htdocs/soft-dev/tasks/create.php on line 14
[29-Jun-2018 21:28:50 UTC] PHP Warning:  mysqli_query() expects parameter 1 to be mysqli, boolean given in /Applications/MAMP/htdocs/soft-dev/tasks/create.php on line 18
[29-Jun-2018 21:28:53 UTC] PHP Warning:  mysqli_connect(): (HY000/1045): Access denied for user 'root'@'localhost' (using password: NO) in /Applications/MAMP/htdocs/soft-dev/tasks/create.php on line 12
[29-Jun-2018 21:28:53 UTC] PHP Notice:  Undefined index: detail in /Applications/MAMP/htdocs/soft-dev/tasks/create.php on line 14
[29-Jun-2018 21:28:53 UTC] PHP Warning:  mysqli_query() expects parameter 1 to be mysqli, boolean given in /Applications/MAMP/htdocs/soft-dev/tasks/create.php on line 18
[29-Jun-2018 21:28:54 UTC] PHP Warning:  mysqli_connect(): (HY000/1045): Access denied for user 'root'@'localhost' (using password: NO) in /Applications/MAMP/htdocs/soft-dev/tasks/create.php on line 12
[29-Jun-2018 21:28:54 UTC] PHP Notice:  Undefined index: detail in /Applications/MAMP/htdocs/soft-dev/tasks/create.php on line 14
[29-Jun-2018 21:28:54 UTC] PHP Warning:  mysqli_query() expects parameter 1 to be mysqli, boolean given in /Applications/MAMP/htdocs/soft-dev/tasks/create.php on line 18
[29-Jun-2018 21:28:55 UTC] PHP Warning:  mysqli_connect(): (HY000/1045): Access denied for user 'root'@'localhost' (using password: NO) in /Applications/MAMP/htdocs/soft-dev/tasks/create.php on line 12
[29-Jun-2018 21:28:55 UTC] PHP Notice:  Undefined index: detail in /Applications/MAMP/htdocs/soft-dev/tasks/create.php on line 14
[29-Jun-2018 21:28:55 UTC] PHP Warning:  mysqli_query() expects parameter 1 to be mysqli, boolean given in /Applications/MAMP/htdocs/soft-dev/tasks/create.php on line 18
[29-Jun-2018 21:29:58 UTC] PHP Warning:  mysqli_connect(): (HY000/1045): Access denied for user 'root'@'localhost' (using password: NO) in /Applications/MAMP/htdocs/soft-dev/tasks/create.php on line 12
[29-Jun-2018 21:29:58 UTC] PHP Notice:  Undefined index: detail in /Applications/MAMP/htdocs/soft-dev/tasks/create.php on line 14
[29-Jun-2018 21:29:58 UTC] PHP Warning:  mysqli_query() expects parameter 1 to be mysqli, boolean given in /Applications/MAMP/htdocs/soft-dev/tasks/create.php on line 17
[29-Jun-2018 21:33:01 UTC] PHP Warning:  mysqli_connect(): (HY000/1044): Access denied for user ''@'localhost' to database 'software-dev' in /Applications/MAMP/htdocs/soft-dev/tasks/create.php on line 12
[29-Jun-2018 21:33:01 UTC] PHP Notice:  Undefined index: detail in /Applications/MAMP/htdocs/soft-dev/tasks/create.php on line 14
[29-Jun-2018 21:33:01 UTC] PHP Warning:  mysqli_query() expects parameter 1 to be mysqli, boolean given in /Applications/MAMP/htdocs/soft-dev/tasks/create.php on line 17
[29-Jun-2018 21:33:08 UTC] PHP Warning:  mysqli_connect(): (HY000/1044): Access denied for user ''@'localhost' to database 'software-dev' in /Applications/MAMP/htdocs/soft-dev/tasks/create.php on line 12
[29-Jun-2018 21:33:08 UTC] PHP Notice:  Undefined index: detail in /Applications/MAMP/htdocs/soft-dev/tasks/create.php on line 14
[29-Jun-2018 21:33:08 UTC] PHP Warning:  mysqli_query() expects parameter 1 to be mysqli, boolean given in /Applications/MAMP/htdocs/soft-dev/tasks/create.php on line 17
[29-Jun-2018 21:33:23 UTC] PHP Warning:  mysqli_connect(): (HY000/1044): Access denied for user ''@'localhost' to database 'software-dev' in /Applications/MAMP/htdocs/soft-dev/tasks/create.php on line 12
[29-Jun-2018 21:33:23 UTC] PHP Notice:  Undefined index: detail in /Applications/MAMP/htdocs/soft-dev/tasks/create.php on line 14
[29-Jun-2018 21:33:23 UTC] PHP Warning:  mysqli_query() expects parameter 1 to be mysqli, boolean given in /Applications/MAMP/htdocs/soft-dev/tasks/create.php on line 17
[29-Jun-2018 21:35:03 UTC] PHP Warning:  mysqli_connect(): (HY000/1044): Access denied for user ''@'localhost' to database 'software-dev' in /Applications/MAMP/htdocs/soft-dev/tasks/create.php on line 12
[29-Jun-2018 21:35:03 UTC] PHP Notice:  Undefined index: detail in /Applications/MAMP/htdocs/soft-dev/tasks/create.php on line 14
[29-Jun-2018 21:35:03 UTC] PHP Warning:  mysqli_query() expects parameter 1 to be mysqli, boolean given in /Applications/MAMP/htdocs/soft-dev/tasks/create.php on line 17
[29-Jun-2018 21:35:16 UTC] PHP Warning:  mysqli_connect(): (HY000/1044): Access denied for user ''@'localhost' to database 'software-dev' in /Applications/MAMP/htdocs/soft-dev/tasks/create.php on line 12
[29-Jun-2018 21:35:16 UTC] PHP Warning:  mysqli_query() expects parameter 1 to be mysqli, boolean given in /Applications/MAMP/htdocs/soft-dev/tasks/create.php on line 17
[29-Jun-2018 21:36:17 UTC] PHP Warning:  mysqli_connect(): (HY000/1045): Access denied for user 'root'@'localhost' (using password: NO) in /Applications/MAMP/htdocs/soft-dev/tasks/create.php on line 12
[29-Jun-2018 21:36:17 UTC] PHP Warning:  mysqli_query() expects parameter 1 to be mysqli, boolean given in /Applications/MAMP/htdocs/soft-dev/tasks/create.php on line 17
[29-Jun-2018 21:36:30 UTC] PHP Warning:  mysqli_connect(): (HY000/1045): Access denied for user 'root'@'localhost' (using password: NO) in /Applications/MAMP/htdocs/soft-dev/tasks/create.php on line 12
[29-Jun-2018 21:36:30 UTC] PHP Warning:  mysqli_query() expects parameter 1 to be mysqli, boolean given in /Applications/MAMP/htdocs/soft-dev/tasks/create.php on line 17
[29-Jun-2018 21:37:56 UTC] PHP Warning:  mysqli_connect(): (HY000/1045): Access denied for user 'root'@'localhost' (using password: NO) in /Applications/MAMP/htdocs/soft-dev/tasks/create.php on line 12
[29-Jun-2018 21:37:56 UTC] PHP Warning:  mysqli_query() expects parameter 1 to be mysqli, boolean given in /Applications/MAMP/htdocs/soft-dev/tasks/create.php on line 17
[29-Jun-2018 21:38:04 UTC] PHP Warning:  mysqli_connect(): (HY000/1045): Access denied for user 'root'@'localhost' (using password: NO) in /Applications/MAMP/htdocs/soft-dev/tasks/create.php on line 12
[29-Jun-2018 21:38:04 UTC] PHP Warning:  mysqli_query() expects parameter 1 to be mysqli, boolean given in /Applications/MAMP/htdocs/soft-dev/tasks/create.php on line 17
[29-Jun-2018 22:52:19 UTC] PHP Warning:  mysqli_connect(): (HY000/1045): Access denied for user 'root'@'localhost' (using password: NO) in /Applications/MAMP/htdocs/soft-dev/tasks/create.php on line 12
[29-Jun-2018 22:52:19 UTC] PHP Warning:  mysqli_query() expects parameter 1 to be mysqli, boolean given in /Applications/MAMP/htdocs/soft-dev/tasks/create.php on line 17
[29-Jun-2018 22:55:48 UTC] PHP Warning:  mysqli_connect(): (HY000/1045): Access denied for user 'root'@'localhost' (using password: NO) in /Applications/MAMP/htdocs/soft-dev/tasks/create.php on line 12
[29-Jun-2018 22:55:48 UTC] PHP Warning:  mysqli_query() expects parameter 1 to be mysqli, boolean given in /Applications/MAMP/htdocs/soft-dev/tasks/create.php on line 17
[29-Jun-2018 22:55:52 UTC] PHP Warning:  mysqli_connect(): (HY000/1045): Access denied for user 'root'@'localhost' (using password: NO) in /Applications/MAMP/htdocs/soft-dev/tasks/create.php on line 12
[29-Jun-2018 22:55:52 UTC] PHP Warning:  mysqli_query() expects parameter 1 to be mysqli, boolean given in /Applications/MAMP/htdocs/soft-dev/tasks/create.php on line 17
[29-Jun-2018 23:07:04 UTC] PHP Warning:  mysqli_connect(): (HY000/1049): Unknown database 'software-dev' in /Applications/MAMP/htdocs/soft-dev/tasks/create.php on line 12
[29-Jun-2018 23:07:04 UTC] PHP Notice:  Undefined index: title in /Applications/MAMP/htdocs/soft-dev/tasks/create.php on line 13
[29-Jun-2018 23:07:04 UTC] PHP Notice:  Undefined index: detail in /Applications/MAMP/htdocs/soft-dev/tasks/create.php on line 14
[29-Jun-2018 23:07:04 UTC] PHP Warning:  mysqli_query() expects parameter 1 to be mysqli, boolean given in /Applications/MAMP/htdocs/soft-dev/tasks/create.php on line 17
[29-Jun-2018 23:07:08 UTC] PHP Warning:  mysqli_connect(): (HY000/1049): Unknown database 'software-dev' in /Applications/MAMP/htdocs/soft-dev/tasks/create.php on line 12
[29-Jun-2018 23:07:08 UTC] PHP Warning:  mysqli_query() expects parameter 1 to be mysqli, boolean given in /Applications/MAMP/htdocs/soft-dev/tasks/create.php on line 17
[29-Jun-2018 23:07:24 UTC] PHP Warning:  mysqli_connect(): (HY000/1049): Unknown database 'software-dev' in /Applications/MAMP/htdocs/soft-dev/tasks/create.php on line 12
[29-Jun-2018 23:07:24 UTC] PHP Notice:  Undefined index: title in /Applications/MAMP/htdocs/soft-dev/tasks/create.php on line 13
[29-Jun-2018 23:07:24 UTC] PHP Notice:  Undefined index: detail in /Applications/MAMP/htdocs/soft-dev/tasks/create.php on line 14
[29-Jun-2018 23:07:24 UTC] PHP Warning:  mysqli_query() expects parameter 1 to be mysqli, boolean given in /Applications/MAMP/htdocs/soft-dev/tasks/create.php on line 17
[29-Jun-2018 23:07:27 UTC] PHP Warning:  mysqli_connect(): (HY000/1049): Unknown database 'software-dev' in /Applications/MAMP/htdocs/soft-dev/tasks/create.php on line 12
[29-Jun-2018 23:07:27 UTC] PHP Warning:  mysqli_query() expects parameter 1 to be mysqli, boolean given in /Applications/MAMP/htdocs/soft-dev/tasks/create.php on line 17
[29-Jun-2018 23:09:02 UTC] PHP Notice:  Undefined index: title in /Applications/MAMP/htdocs/soft-dev/tasks/create.php on line 13
[29-Jun-2018 23:09:02 UTC] PHP Notice:  Undefined index: detail in /Applications/MAMP/htdocs/soft-dev/tasks/create.php on line 14
[29-Jun-2018 23:10:25 UTC] PHP Notice:  Undefined index: title in /Applications/MAMP/htdocs/soft-dev/tasks/create.php on line 14
[29-Jun-2018 23:10:25 UTC] PHP Notice:  Undefined index: detail in /Applications/MAMP/htdocs/soft-dev/tasks/create.php on line 15
[29-Jun-2018 23:14:59 UTC] PHP Notice:  Undefined index: title in /Applications/MAMP/htdocs/soft-dev/tasks/create-2.php on line 10
[29-Jun-2018 23:14:59 UTC] PHP Notice:  Undefined index: detail in /Applications/MAMP/htdocs/soft-dev/tasks/create-2.php on line 11
[29-Jun-2018 23:17:10 UTC] PHP Notice:  Undefined index: title in /Applications/MAMP/htdocs/soft-dev/tasks/create.php on line 14
[29-Jun-2018 23:17:10 UTC] PHP Notice:  Undefined index: detail in /Applications/MAMP/htdocs/soft-dev/tasks/create.php on line 15
[29-Jun-2018 23:17:14 UTC] PHP Notice:  Undefined index: title in /Applications/MAMP/htdocs/soft-dev/tasks/create-2.php on line 10
[29-Jun-2018 23:17:14 UTC] PHP Notice:  Undefined index: detail in /Applications/MAMP/htdocs/soft-dev/tasks/create-2.php on line 11
[29-Jun-2018 23:17:27 UTC] PHP Notice:  Undefined index: title in /Applications/MAMP/htdocs/soft-dev/tasks/create-2.php on line 10
[29-Jun-2018 23:17:27 UTC] PHP Notice:  Undefined index: detail in /Applications/MAMP/htdocs/soft-dev/tasks/create-2.php on line 11
[29-Jun-2018 23:17:37 UTC] PHP Notice:  Undefined index: title in /Applications/MAMP/htdocs/soft-dev/tasks/create.php on line 14
[29-Jun-2018 23:17:37 UTC] PHP Notice:  Undefined index: detail in /Applications/MAMP/htdocs/soft-dev/tasks/create.php on line 15
[29-Jun-2018 23:17:47 UTC] PHP Notice:  Undefined index: title in /Applications/MAMP/htdocs/soft-dev/tasks/create.php on line 14
[29-Jun-2018 23:17:47 UTC] PHP Notice:  Undefined index: detail in /Applications/MAMP/htdocs/soft-dev/tasks/create.php on line 15
[29-Jun-2018 23:17:53 UTC] PHP Notice:  Undefined index: title in /Applications/MAMP/htdocs/soft-dev/tasks/create-2.php on line 10
[29-Jun-2018 23:17:53 UTC] PHP Notice:  Undefined index: detail in /Applications/MAMP/htdocs/soft-dev/tasks/create-2.php on line 11
[29-Jun-2018 23:17:54 UTC] PHP Notice:  Undefined index: title in /Applications/MAMP/htdocs/soft-dev/tasks/create-2.php on line 10
[29-Jun-2018 23:17:54 UTC] PHP Notice:  Undefined index: detail in /Applications/MAMP/htdocs/soft-dev/tasks/create-2.php on line 11
[29-Jun-2018 23:24:04 UTC] PHP Notice:  Undefined index: title in /Applications/MAMP/htdocs/soft-dev/tasks/create.php on line 14
[29-Jun-2018 23:24:04 UTC] PHP Notice:  Undefined index: detail in /Applications/MAMP/htdocs/soft-dev/tasks/create.php on line 15
[29-Jun-2018 23:32:51 UTC] PHP Notice:  Undefined index: title in /Applications/MAMP/htdocs/soft-dev/tasks/create-2.php on line 10
[29-Jun-2018 23:32:51 UTC] PHP Notice:  Undefined index: detail in /Applications/MAMP/htdocs/soft-dev/tasks/create-2.php on line 11
[29-Jun-2018 23:37:17 UTC] PHP Notice:  Undefined index: title in /Applications/MAMP/htdocs/soft-dev/tasks/create-2.php on line 10
[29-Jun-2018 23:37:17 UTC] PHP Notice:  Undefined index: detail in /Applications/MAMP/htdocs/soft-dev/tasks/create-2.php on line 11
[30-Jun-2018 00:23:03 UTC] PHP Notice:  Undefined variable: array in /Applications/MAMP/htdocs/soft-dev/tasks/all.php on line 20
[30-Jun-2018 00:23:03 UTC] PHP Notice:  Undefined variable: array in /Applications/MAMP/htdocs/soft-dev/tasks/all.php on line 20
[30-Jun-2018 00:23:03 UTC] PHP Notice:  Undefined variable: array in /Applications/MAMP/htdocs/soft-dev/tasks/all.php on line 20
[30-Jun-2018 00:23:03 UTC] PHP Notice:  Undefined variable: array in /Applications/MAMP/htdocs/soft-dev/tasks/all.php on line 20
[30-Jun-2018 00:23:03 UTC] PHP Notice:  Undefined variable: array in /Applications/MAMP/htdocs/soft-dev/tasks/all.php on line 20
[30-Jun-2018 00:23:44 UTC] PHP Notice:  Undefined variable: array in /Applications/MAMP/htdocs/soft-dev/tasks/all.php on line 20
[30-Jun-2018 00:23:44 UTC] PHP Notice:  Undefined variable: array in /Applications/MAMP/htdocs/soft-dev/tasks/all.php on line 20
[30-Jun-2018 00:23:44 UTC] PHP Notice:  Undefined variable: array in /Applications/MAMP/htdocs/soft-dev/tasks/all.php on line 20
[30-Jun-2018 00:23:44 UTC] PHP Notice:  Undefined variable: array in /Applications/MAMP/htdocs/soft-dev/tasks/all.php on line 20
[30-Jun-2018 00:23:44 UTC] PHP Notice:  Undefined variable: array in /Applications/MAMP/htdocs/soft-dev/tasks/all.php on line 20
[30-Jun-2018 00:23:46 UTC] PHP Notice:  Undefined variable: array in /Applications/MAMP/htdocs/soft-dev/tasks/all.php on line 20
[30-Jun-2018 00:23:46 UTC] PHP Notice:  Undefined variable: array in /Applications/MAMP/htdocs/soft-dev/tasks/all.php on line 20
[30-Jun-2018 00:23:46 UTC] PHP Notice:  Undefined variable: array in /Applications/MAMP/htdocs/soft-dev/tasks/all.php on line 20
[30-Jun-2018 00:23:46 UTC] PHP Notice:  Undefined variable: array in /Applications/MAMP/htdocs/soft-dev/tasks/all.php on line 20
[30-Jun-2018 00:23:46 UTC] PHP Notice:  Undefined variable: array in /Applications/MAMP/htdocs/soft-dev/tasks/all.php on line 20
[30-Jun-2018 00:24:16 UTC] PHP Notice:  Undefined variable: array in /Applications/MAMP/htdocs/soft-dev/tasks/all.php on line 20
[30-Jun-2018 00:24:16 UTC] PHP Notice:  Undefined variable: array in /Applications/MAMP/htdocs/soft-dev/tasks/all.php on line 20
[30-Jun-2018 00:24:16 UTC] PHP Notice:  Undefined variable: array in /Applications/MAMP/htdocs/soft-dev/tasks/all.php on line 20
[30-Jun-2018 00:24:16 UTC] PHP Notice:  Undefined variable: array in /Applications/MAMP/htdocs/soft-dev/tasks/all.php on line 20
[30-Jun-2018 00:24:16 UTC] PHP Notice:  Undefined variable: array in /Applications/MAMP/htdocs/soft-dev/tasks/all.php on line 20
[30-Jun-2018 00:24:18 UTC] PHP Notice:  Undefined variable: array in /Applications/MAMP/htdocs/soft-dev/tasks/all.php on line 20
[30-Jun-2018 00:24:18 UTC] PHP Notice:  Undefined variable: array in /Applications/MAMP/htdocs/soft-dev/tasks/all.php on line 20
[30-Jun-2018 00:24:18 UTC] PHP Notice:  Undefined variable: array in /Applications/MAMP/htdocs/soft-dev/tasks/all.php on line 20
[30-Jun-2018 00:24:18 UTC] PHP Notice:  Undefined variable: array in /Applications/MAMP/htdocs/soft-dev/tasks/all.php on line 20
[30-Jun-2018 00:24:18 UTC] PHP Notice:  Undefined variable: array in /Applications/MAMP/htdocs/soft-dev/tasks/all.php on line 20
[30-Jun-2018 00:33:22 UTC] PHP Notice:  Undefined variable: array in /Applications/MAMP/htdocs/soft-dev/tasks/all.php on line 31
[30-Jun-2018 00:33:22 UTC] PHP Notice:  Undefined variable: array in /Applications/MAMP/htdocs/soft-dev/tasks/all.php on line 31
[30-Jun-2018 00:33:22 UTC] PHP Notice:  Undefined variable: array in /Applications/MAMP/htdocs/soft-dev/tasks/all.php on line 31
[30-Jun-2018 00:33:22 UTC] PHP Notice:  Undefined variable: array in /Applications/MAMP/htdocs/soft-dev/tasks/all.php on line 31
[30-Jun-2018 00:33:22 UTC] PHP Notice:  Undefined variable: array in /Applications/MAMP/htdocs/soft-dev/tasks/all.php on line 31
[30-Jun-2018 00:33:25 UTC] PHP Notice:  Undefined variable: array in /Applications/MAMP/htdocs/soft-dev/tasks/all.php on line 31
[30-Jun-2018 00:33:25 UTC] PHP Notice:  Undefined variable: array in /Applications/MAMP/htdocs/soft-dev/tasks/all.php on line 31
[30-Jun-2018 00:33:25 UTC] PHP Notice:  Undefined variable: array in /Applications/MAMP/htdocs/soft-dev/tasks/all.php on line 31
[30-Jun-2018 00:33:25 UTC] PHP Notice:  Undefined variable: array in /Applications/MAMP/htdocs/soft-dev/tasks/all.php on line 31
[30-Jun-2018 00:33:25 UTC] PHP Notice:  Undefined variable: array in /Applications/MAMP/htdocs/soft-dev/tasks/all.php on line 31
[30-Jun-2018 02:07:42 UTC] PHP Notice:  Undefined index: title in /Applications/MAMP/htdocs/soft-dev/tasks/create-2.php on line 10
[30-Jun-2018 02:07:42 UTC] PHP Notice:  Undefined index: detail in /Applications/MAMP/htdocs/soft-dev/tasks/create-2.php on line 11
[30-Jun-2018 02:36:49 UTC] PHP Notice:  Undefined index: id in /Applications/MAMP/htdocs/soft-dev/tasks/all.php on line 15
[30-Jun-2018 02:36:51 UTC] PHP Notice:  Undefined index: id in /Applications/MAMP/htdocs/soft-dev/tasks/all.php on line 15
[30-Jun-2018 02:42:05 UTC] PHP Notice:  Undefined index: id in /Applications/MAMP/htdocs/soft-dev/tasks/read.php on line 14
[30-Jun-2018 02:42:13 UTC] PHP Notice:  Undefined index: id in /Applications/MAMP/htdocs/soft-dev/tasks/read.php on line 14
[30-Jun-2018 02:44:07 UTC] PHP Notice:  Undefined index: id in /Applications/MAMP/htdocs/soft-dev/tasks/read.php on line 14
[30-Jun-2018 02:51:48 UTC] PHP Notice:  Undefined index: id in /Applications/MAMP/htdocs/soft-dev/tasks/read.php on line 14
[30-Jun-2018 03:35:47 UTC] PHP Notice:  Undefined index: id in /Applications/MAMP/htdocs/soft-dev/tasks/edit.php on line 37
[30-Jun-2018 03:36:04 UTC] PHP Notice:  Undefined index: id in /Applications/MAMP/htdocs/soft-dev/tasks/edit.php on line 37
[30-Jun-2018 03:36:24 UTC] PHP Notice:  Undefined index: id in /Applications/MAMP/htdocs/soft-dev/tasks/edit.php on line 37
[30-Jun-2018 03:36:35 UTC] PHP Notice:  Undefined index: id in /Applications/MAMP/htdocs/soft-dev/tasks/edit.php on line 37
[30-Jun-2018 03:36:41 UTC] PHP Notice:  Undefined index: id in /Applications/MAMP/htdocs/soft-dev/tasks/edit.php on line 37
[30-Jun-2018 03:38:32 UTC] PHP Notice:  Undefined index: id in /Applications/MAMP/htdocs/soft-dev/tasks/edit.php on line 38
[30-Jun-2018 03:38:37 UTC] PHP Notice:  Undefined index: id in /Applications/MAMP/htdocs/soft-dev/tasks/edit.php on line 38
[30-Jun-2018 03:40:00 UTC] PHP Notice:  Undefined index: id in /Applications/MAMP/htdocs/soft-dev/tasks/edit.php on line 38
[30-Jun-2018 03:40:04 UTC] PHP Notice:  Undefined index: id in /Applications/MAMP/htdocs/soft-dev/tasks/edit.php on line 38
[30-Jun-2018 03:45:31 UTC] PHP Notice:  Undefined index: id in /Applications/MAMP/htdocs/soft-dev/tasks/edit.php on line 38
[30-Jun-2018 03:46:46 UTC] PHP Notice:  Undefined index: id in /Applications/MAMP/htdocs/soft-dev/tasks/edit.php on line 38
[30-Jun-2018 04:06:25 UTC] PHP Notice:  Undefined index: first in /Applications/MAMP/htdocs/soft-dev/address-book/create-contact.php on line 15
[30-Jun-2018 04:06:25 UTC] PHP Notice:  Undefined index: last in /Applications/MAMP/htdocs/soft-dev/address-book/create-contact.php on line 16
[30-Jun-2018 04:06:25 UTC] PHP Notice:  Undefined index: email in /Applications/MAMP/htdocs/soft-dev/address-book/create-contact.php on line 17
[30-Jun-2018 04:34:47 UTC] PHP Notice:  Undefined variable: sql in /Applications/MAMP/htdocs/soft-dev/address-book/disp-cont.php on line 19
[30-Jun-2018 04:34:47 UTC] PHP Notice:  Undefined variable: email in /Applications/MAMP/htdocs/soft-dev/address-book/disp-cont.php on line 17
[30-Jun-2018 04:34:47 UTC] PHP Notice:  Undefined variable: last_name in /Applications/MAMP/htdocs/soft-dev/address-book/disp-cont.php on line 16
[30-Jun-2018 04:34:47 UTC] PHP Notice:  Undefined variable: sql in /Applications/MAMP/htdocs/soft-dev/address-book/disp-cont.php on line 20
[30-Jun-2018 04:34:47 UTC] PHP Warning:  mysqli_query(): Empty query in /Applications/MAMP/htdocs/soft-dev/address-book/disp-cont.php on line 20
[30-Jun-2018 04:34:47 UTC] PHP Warning:  mysqli_fetch_assoc() expects parameter 1 to be mysqli_result, boolean given in /Applications/MAMP/htdocs/soft-dev/address-book/disp-cont.php on line 34
[30-Jun-2018 04:36:54 UTC] PHP Notice:  Undefined variable: sql in /Applications/MAMP/htdocs/soft-dev/address-book/disp-cont.php on line 19
[30-Jun-2018 04:36:54 UTC] PHP Notice:  Undefined variable: email in /Applications/MAMP/htdocs/soft-dev/address-book/disp-cont.php on line 17
[30-Jun-2018 04:36:54 UTC] PHP Notice:  Undefined variable: last_name in /Applications/MAMP/htdocs/soft-dev/address-book/disp-cont.php on line 16
[30-Jun-2018 04:36:54 UTC] PHP Notice:  Undefined variable: sql in /Applications/MAMP/htdocs/soft-dev/address-book/disp-cont.php on line 20
[30-Jun-2018 04:36:54 UTC] PHP Warning:  mysqli_query(): Empty query in /Applications/MAMP/htdocs/soft-dev/address-book/disp-cont.php on line 20
[30-Jun-2018 04:36:54 UTC] PHP Warning:  mysqli_fetch_assoc() expects parameter 1 to be mysqli_result, boolean given in /Applications/MAMP/htdocs/soft-dev/address-book/disp-cont.php on line 34
[30-Jun-2018 04:36:56 UTC] PHP Notice:  Undefined variable: sql in /Applications/MAMP/htdocs/soft-dev/address-book/disp-cont.php on line 19
[30-Jun-2018 04:36:56 UTC] PHP Notice:  Undefined variable: email in /Applications/MAMP/htdocs/soft-dev/address-book/disp-cont.php on line 17
[30-Jun-2018 04:36:56 UTC] PHP Notice:  Undefined variable: last_name in /Applications/MAMP/htdocs/soft-dev/address-book/disp-cont.php on line 16
[30-Jun-2018 04:36:56 UTC] PHP Notice:  Undefined variable: sql in /Applications/MAMP/htdocs/soft-dev/address-book/disp-cont.php on line 20
[30-Jun-2018 04:36:56 UTC] PHP Warning:  mysqli_query(): Empty query in /Applications/MAMP/htdocs/soft-dev/address-book/disp-cont.php on line 20
[30-Jun-2018 04:36:56 UTC] PHP Warning:  mysqli_fetch_assoc() expects parameter 1 to be mysqli_result, boolean given in /Applications/MAMP/htdocs/soft-dev/address-book/disp-cont.php on line 34
[30-Jun-2018 04:37:11 UTC] PHP Notice:  Undefined variable: sql in /Applications/MAMP/htdocs/soft-dev/address-book/disp-cont.php on line 19
[30-Jun-2018 04:37:11 UTC] PHP Notice:  Undefined variable: email in /Applications/MAMP/htdocs/soft-dev/address-book/disp-cont.php on line 17
[30-Jun-2018 04:37:11 UTC] PHP Notice:  Undefined variable: last_name in /Applications/MAMP/htdocs/soft-dev/address-book/disp-cont.php on line 16
[30-Jun-2018 04:37:11 UTC] PHP Notice:  Undefined variable: sql in /Applications/MAMP/htdocs/soft-dev/address-book/disp-cont.php on line 20
[30-Jun-2018 04:37:11 UTC] PHP Warning:  mysqli_query(): Empty query in /Applications/MAMP/htdocs/soft-dev/address-book/disp-cont.php on line 20
[30-Jun-2018 04:37:11 UTC] PHP Warning:  mysqli_fetch_assoc() expects parameter 1 to be mysqli_result, boolean given in /Applications/MAMP/htdocs/soft-dev/address-book/disp-cont.php on line 34
[30-Jun-2018 04:37:13 UTC] PHP Notice:  Undefined variable: sql in /Applications/MAMP/htdocs/soft-dev/address-book/disp-cont.php on line 19
[30-Jun-2018 04:37:13 UTC] PHP Notice:  Undefined variable: email in /Applications/MAMP/htdocs/soft-dev/address-book/disp-cont.php on line 17
[30-Jun-2018 04:37:13 UTC] PHP Notice:  Undefined variable: last_name in /Applications/MAMP/htdocs/soft-dev/address-book/disp-cont.php on line 16
[30-Jun-2018 04:37:13 UTC] PHP Notice:  Undefined variable: sql in /Applications/MAMP/htdocs/soft-dev/address-book/disp-cont.php on line 20
[30-Jun-2018 04:37:13 UTC] PHP Warning:  mysqli_query(): Empty query in /Applications/MAMP/htdocs/soft-dev/address-book/disp-cont.php on line 20
[30-Jun-2018 04:37:13 UTC] PHP Warning:  mysqli_fetch_assoc() expects parameter 1 to be mysqli_result, boolean given in /Applications/MAMP/htdocs/soft-dev/address-book/disp-cont.php on line 34
[30-Jun-2018 04:38:14 UTC] PHP Notice:  Undefined index: id in /Applications/MAMP/htdocs/soft-dev/tasks/read.php on line 14
[30-Jun-2018 04:40:18 UTC] PHP Notice:  Undefined index: id in /Applications/MAMP/htdocs/soft-dev/tasks/read.php on line 14
[30-Jun-2018 04:44:52 UTC] PHP Parse error:  syntax error, unexpected '$sql' (T_VARIABLE) in /Applications/MAMP/htdocs/soft-dev/address-book/proc-cont.php on line 19
[02-Jul-2018 17:39:38 UTC] PHP Notice:  Undefined index: first in /Applications/MAMP/htdocs/soft-dev/address-book/create-contact.php on line 15
[02-Jul-2018 17:39:38 UTC] PHP Notice:  Undefined index: last in /Applications/MAMP/htdocs/soft-dev/address-book/create-contact.php on line 16
[02-Jul-2018 17:39:38 UTC] PHP Notice:  Undefined index: email in /Applications/MAMP/htdocs/soft-dev/address-book/create-contact.php on line 17
[02-Jul-2018 17:40:01 UTC] PHP Notice:  Undefined index: id in /Applications/MAMP/htdocs/soft-dev/address-book/proc-cont.php on line 14
[02-Jul-2018 17:40:01 UTC] PHP Warning:  mysqli_fetch_assoc() expects parameter 1 to be mysqli_result, boolean given in /Applications/MAMP/htdocs/soft-dev/address-book/proc-cont.php on line 30
[02-Jul-2018 17:40:39 UTC] PHP Notice:  Undefined index: id in /Applications/MAMP/htdocs/soft-dev/tasks/read.php on line 14
[02-Jul-2018 17:48:26 UTC] PHP Warning:  mysqli_fetch_assoc() expects parameter 1 to be mysqli_result, boolean given in /Applications/MAMP/htdocs/soft-dev/address-book/proc-cont.php on line 30
[02-Jul-2018 17:50:32 UTC] PHP Warning:  mysqli_fetch_assoc() expects parameter 1 to be mysqli_result, boolean given in /Applications/MAMP/htdocs/soft-dev/address-book/proc-cont.php on line 28
[02-Jul-2018 17:54:28 UTC] PHP Notice:  Undefined index: first in /Applications/MAMP/htdocs/soft-dev/address-book/create-contact.php on line 15
[02-Jul-2018 17:54:28 UTC] PHP Notice:  Undefined index: last in /Applications/MAMP/htdocs/soft-dev/address-book/create-contact.php on line 16
[02-Jul-2018 17:54:28 UTC] PHP Notice:  Undefined index: email in /Applications/MAMP/htdocs/soft-dev/address-book/create-contact.php on line 17
[02-Jul-2018 17:55:48 UTC] PHP Warning:  mysqli_fetch_assoc() expects parameter 1 to be mysqli_result, boolean given in /Applications/MAMP/htdocs/soft-dev/address-book/proc-cont.php on line 28
[02-Jul-2018 17:55:50 UTC] PHP Warning:  mysqli_fetch_assoc() expects parameter 1 to be mysqli_result, boolean given in /Applications/MAMP/htdocs/soft-dev/address-book/proc-cont.php on line 28
[02-Jul-2018 17:56:06 UTC] PHP Warning:  mysqli_fetch_assoc() expects parameter 1 to be mysqli_result, boolean given in /Applications/MAMP/htdocs/soft-dev/address-book/proc-cont.php on line 28
[02-Jul-2018 18:40:06 UTC] PHP Notice:  Undefined index: id in /Applications/MAMP/htdocs/soft-dev/address-book/edit-cont.php on line 41
[02-Jul-2018 18:42:49 UTC] PHP Notice:  Undefined index: id in /Applications/MAMP/htdocs/soft-dev/address-book/edit-cont.php on line 41
[02-Jul-2018 18:43:03 UTC] PHP Notice:  Undefined index: id in /Applications/MAMP/htdocs/soft-dev/address-book/edit-cont.php on line 41
[02-Jul-2018 18:46:34 UTC] PHP Notice:  Undefined index: id in /Applications/MAMP/htdocs/soft-dev/address-book/edit-cont.php on line 41
[03-Jul-2018 02:53:45 UTC] PHP Warning:  mysqli_connect(): (HY000/1049): Unknown database 'zbook' in /Applications/MAMP/htdocs/zbook-class/7-2-18/testing/index.php on line 7
[03-Jul-2018 02:53:47 UTC] PHP Warning:  mysqli_connect(): (HY000/1049): Unknown database 'zbook' in /Applications/MAMP/htdocs/zbook-class/7-2-18/testing/index.php on line 7
[03-Jul-2018 03:03:30 UTC] PHP Warning:  mysqli_connect(): (HY000/1049): Unknown database 'zbook' in /Applications/MAMP/htdocs/zbook-class/7-2-18/testing/index.php on line 7
[03-Jul-2018 04:22:17 UTC] PHP Notice:  Undefined index: email in /Applications/MAMP/htdocs/zbook-class/7-2-18/live/process/register.php on line 16
[03-Jul-2018 04:22:17 UTC] PHP Notice:  Undefined index: password in /Applications/MAMP/htdocs/zbook-class/7-2-18/live/process/register.php on line 17
[03-Jul-2018 04:24:33 UTC] PHP Notice:  Undefined index: email in /Applications/MAMP/htdocs/zbook-class/7-2-18/live/process/register.php on line 16
[03-Jul-2018 04:24:33 UTC] PHP Notice:  Undefined index: password in /Applications/MAMP/htdocs/zbook-class/7-2-18/live/process/register.php on line 17
[04-Jul-2018 21:04:21 UTC] PHP Notice:  Undefined index: first_name in /Applications/MAMP/htdocs/zbook-class/7-2-18/live/process/register.php on line 14
[04-Jul-2018 21:04:21 UTC] PHP Notice:  Undefined index: last_name in /Applications/MAMP/htdocs/zbook-class/7-2-18/live/process/register.php on line 15
[04-Jul-2018 21:04:21 UTC] PHP Notice:  Undefined index: email in /Applications/MAMP/htdocs/zbook-class/7-2-18/live/process/register.php on line 16
[04-Jul-2018 21:04:21 UTC] PHP Notice:  Undefined index: password in /Applications/MAMP/htdocs/zbook-class/7-2-18/live/process/register.php on line 17
[04-Jul-2018 21:04:21 UTC] PHP Notice:  Undefined index: year in /Applications/MAMP/htdocs/zbook-class/7-2-18/live/process/register.php on line 18
[04-Jul-2018 21:04:21 UTC] PHP Notice:  Undefined index: month in /Applications/MAMP/htdocs/zbook-class/7-2-18/live/process/register.php on line 18
[04-Jul-2018 21:04:21 UTC] PHP Notice:  Undefined index: day in /Applications/MAMP/htdocs/zbook-class/7-2-18/live/process/register.php on line 18
[04-Jul-2018 21:04:21 UTC] PHP Notice:  Undefined index: gender in /Applications/MAMP/htdocs/zbook-class/7-2-18/live/process/register.php on line 19
[04-Jul-2018 21:04:56 UTC] PHP Notice:  Undefined index: email in /Applications/MAMP/htdocs/zbook-class/7-2-18/live/process/register.php on line 16
[04-Jul-2018 21:04:56 UTC] PHP Notice:  Undefined index: password in /Applications/MAMP/htdocs/zbook-class/7-2-18/live/process/register.php on line 17
[04-Jul-2018 21:04:58 UTC] PHP Notice:  Undefined index: email in /Applications/MAMP/htdocs/zbook-class/7-2-18/live/process/register.php on line 16
[04-Jul-2018 21:04:58 UTC] PHP Notice:  Undefined index: password in /Applications/MAMP/htdocs/zbook-class/7-2-18/live/process/register.php on line 17
[04-Jul-2018 21:04:58 UTC] PHP Notice:  Undefined index: gender in /Applications/MAMP/htdocs/zbook-class/7-2-18/live/process/register.php on line 19
[04-Jul-2018 21:09:41 UTC] PHP Notice:  Undefined index: email in /Applications/MAMP/htdocs/zbook-class/7-2-18/live/process/register.php on line 16
[04-Jul-2018 21:09:41 UTC] PHP Notice:  Undefined index: password in /Applications/MAMP/htdocs/zbook-class/7-2-18/live/process/register.php on line 17
[04-Jul-2018 21:48:08 UTC] PHP Notice:  Undefined index: email in /Applications/MAMP/htdocs/zbook-class/7-2-18/live/process/register.php on line 16
[04-Jul-2018 21:48:08 UTC] PHP Notice:  Undefined index: password in /Applications/MAMP/htdocs/zbook-class/7-2-18/live/process/register.php on line 17
[06-Jul-2018 20:41:55 UTC] PHP Notice:  Undefined variable: _SESSION in /Applications/MAMP/htdocs/zbook-class/7-4-18/live/profile.php on line 2
[06-Jul-2018 20:41:57 UTC] PHP Notice:  Undefined variable: _SESSION in /Applications/MAMP/htdocs/zbook-class/7-4-18/live/profile.php on line 2
[06-Jul-2018 20:41:58 UTC] PHP Notice:  Undefined variable: _SESSION in /Applications/MAMP/htdocs/zbook-class/7-4-18/live/profile.php on line 2
[06-Jul-2018 20:41:59 UTC] PHP Notice:  Undefined variable: _SESSION in /Applications/MAMP/htdocs/zbook-class/7-4-18/live/profile.php on line 2
[06-Jul-2018 20:41:59 UTC] PHP Notice:  Undefined variable: _SESSION in /Applications/MAMP/htdocs/zbook-class/7-4-18/live/profile.php on line 2
[06-Jul-2018 20:41:59 UTC] PHP Notice:  Undefined variable: _SESSION in /Applications/MAMP/htdocs/zbook-class/7-4-18/live/profile.php on line 2
[06-Jul-2018 20:41:59 UTC] PHP Notice:  Undefined variable: _SESSION in /Applications/MAMP/htdocs/zbook-class/7-4-18/live/profile.php on line 2
[06-Jul-2018 20:41:59 UTC] PHP Notice:  Undefined variable: _SESSION in /Applications/MAMP/htdocs/zbook-class/7-4-18/live/profile.php on line 2
[06-Jul-2018 20:43:52 UTC] PHP Notice:  Undefined variable: _SESSION in /Applications/MAMP/htdocs/zbook-class/7-4-18/live/profile.php on line 2
[06-Jul-2018 20:44:00 UTC] PHP Notice:  Undefined variable: _SESSION in /Applications/MAMP/htdocs/zbook-class/7-4-18/live/profile.php on line 2
[06-Jul-2018 20:57:46 UTC] PHP Notice:  Undefined variable: _SESSION in /Applications/MAMP/htdocs/zbook-class/7-4-18/live/profile.php on line 2
[06-Jul-2018 20:57:47 UTC] PHP Notice:  Undefined variable: _SESSION in /Applications/MAMP/htdocs/zbook-class/7-4-18/live/profile.php on line 2
[06-Jul-2018 20:57:53 UTC] PHP Notice:  Undefined variable: _SESSION in /Applications/MAMP/htdocs/zbook-class/7-4-18/live/profile.php on line 2
[06-Jul-2018 20:58:20 UTC] PHP Notice:  Undefined variable: _SESSION in /Applications/MAMP/htdocs/zbook-class/7-4-18/live/profile.php on line 2
[06-Jul-2018 21:03:00 UTC] PHP Notice:  Undefined variable: _SESSION in /Applications/MAMP/htdocs/zbook-class/7-4-18/live/profile.php on line 2
[06-Jul-2018 21:03:59 UTC] PHP Notice:  Undefined variable: _SESSION in /Applications/MAMP/htdocs/zbook-class/7-4-18/live/profile.php on line 2
[06-Jul-2018 21:04:42 UTC] PHP Notice:  Undefined variable: db_user_data in /Applications/MAMP/htdocs/zbook-class/7-4-18/live/process/login.php on line 22
[06-Jul-2018 21:04:42 UTC] PHP Notice:  Undefined variable: db_user_data in /Applications/MAMP/htdocs/zbook-class/7-4-18/live/process/login.php on line 24
[06-Jul-2018 21:04:42 UTC] PHP Notice:  Undefined variable: _SESSION in /Applications/MAMP/htdocs/zbook-class/7-4-18/live/profile.php on line 2
[07-Jul-2018 01:46:29 UTC] PHP Notice:  Undefined variable: _SESSION in /Applications/MAMP/htdocs/zbook-class/7-4-18/live/profile.php on line 2
[07-Jul-2018 01:47:03 UTC] PHP Notice:  Undefined index: email in /Applications/MAMP/htdocs/zbook-class/7-4-18/live/process/login.php on line 17
[07-Jul-2018 01:47:03 UTC] PHP Notice:  Undefined index: password in /Applications/MAMP/htdocs/zbook-class/7-4-18/live/process/login.php on line 18
[07-Jul-2018 01:47:03 UTC] PHP Notice:  Undefined variable: _SESSION in /Applications/MAMP/htdocs/zbook-class/7-4-18/live/profile.php on line 2
[07-Jul-2018 02:00:35 UTC] PHP Notice:  Undefined variable: _SESSION in /Applications/MAMP/htdocs/zbook-class/7-4-18/live/profile.php on line 2
[07-Jul-2018 02:02:52 UTC] PHP Warning:  mysqli_error() expects exactly 1 parameter, 0 given in /Applications/MAMP/htdocs/zbook-class/7-4-18/live/process/login.php on line 26
[07-Jul-2018 02:03:54 UTC] PHP Warning:  mysqli_error() expects exactly 1 parameter, 0 given in /Applications/MAMP/htdocs/zbook-class/7-4-18/live/process/login.php on line 28
[07-Jul-2018 02:10:53 UTC] PHP Notice:  Undefined variable: _SESSION in /Applications/MAMP/htdocs/zbook-class/7-4-18/live/profile.php on line 2
[07-Jul-2018 02:11:24 UTC] PHP Notice:  Undefined variable: _SESSION in /Applications/MAMP/htdocs/zbook-class/7-4-18/live/profile.php on line 2
[20-Jul-2018 05:37:34 UTC] PHP Notice:  Undefined index: permission in /Applications/MAMP/htdocs/zbook-class/7-4-18/live/profile.php on line 4
[24-Jul-2018 19:14:47 UTC] PHP Notice:  Undefined index: $user_id in /Applications/MAMP/htdocs/zbook-class/7-6-18/live/process/about-edit.php on line 16
[24-Jul-2018 19:15:14 UTC] PHP Notice:  Undefined index: gender in /Applications/MAMP/htdocs/zbook-class/7-6-18/live/process/about-edit.php on line 14
[24-Jul-2018 19:15:14 UTC] PHP Notice:  Undefined index: $user_id in /Applications/MAMP/htdocs/zbook-class/7-6-18/live/process/about-edit.php on line 16
[25-Jul-2018 17:17:48 UTC] PHP Notice:  Undefined index: gender in /Applications/MAMP/htdocs/zbook-class/7-6-18/live/process/about-edit.php on line 14
[25-Jul-2018 17:17:48 UTC] PHP Notice:  Undefined index: $user_id in /Applications/MAMP/htdocs/zbook-class/7-6-18/live/process/about-edit.php on line 16
[25-Jul-2018 17:22:11 UTC] PHP Notice:  Undefined index: $user_id in /Applications/MAMP/htdocs/zbook-class/7-6-18/live/process/about-edit.php on line 16
